<?xml version="1.0" encoding="UTF-8"?>
<coverage generated="1654317158925" clover="3.2.0">
  <project timestamp="1654317158925" name="All files">
    <metrics statements="14" coveredstatements="14" conditionals="22" coveredconditionals="21" methods="1" coveredmethods="1" elements="37" coveredelements="36" complexity="0" loc="14" ncloc="14" packages="1" files="1" classes="1"/>
    <file name="func.ts" path="/home/trungluc/_code/02-trungluc/swt/func.ts">
      <metrics statements="14" coveredstatements="14" conditionals="22" coveredconditionals="21" methods="1" coveredmethods="1"/>
      <line num="1" count="1" type="stmt"/>
      <line num="3" count="1" type="stmt"/>
      <line num="4" count="6" type="stmt"/>
      <line num="5" count="6" type="stmt"/>
      <line num="6" count="6" type="stmt"/>
      <line num="8" count="6" type="cond" truecount="4" falsecount="0"/>
      <line num="10" count="5" type="cond" truecount="3" falsecount="1"/>
      <line num="12" count="5" type="cond" truecount="3" falsecount="0"/>
      <line num="14" count="4" type="cond" truecount="3" falsecount="0"/>
      <line num="16" count="4" type="cond" truecount="3" falsecount="0"/>
      <line num="20" count="4" type="cond" truecount="3" falsecount="0"/>
      <line num="21" count="3" type="cond" truecount="1" falsecount="0"/>
      <line num="22" count="2" type="cond" truecount="1" falsecount="0"/>
      <line num="24" count="1" type="stmt"/>
    </file>
  </project>
</coverage>
