{"/home/trungluc/_code/02-trungluc/swt/func.ts": {"path":"/home/trungluc/_code/02-trungluc/swt/func.ts","statementMap":{"0":{"start":{"line":1,"column":0},"end":{"line":1,"column":58}},"1":{"start":{"line":3,"column":28},"end":{"line":25,"column":1}},"2":{"start":{"line":4,"column":12},"end":{"line":4,"column":24}},"3":{"start":{"line":5,"column":12},"end":{"line":5,"column":24}},"4":{"start":{"line":6,"column":12},"end":{"line":6,"column":24}},"5":{"start":{"line":8,"column":2},"end":{"line":8,"column":63}},"6":{"start":{"line":8,"column":40},"end":{"line":8,"column":63}},"7":{"start":{"line":10,"column":2},"end":{"line":10,"column":70}},"8":{"start":{"line":10,"column":46},"end":{"line":10,"column":70}},"9":{"start":{"line":12,"column":2},"end":{"line":12,"column":56}},"10":{"start":{"line":12,"column":26},"end":{"line":12,"column":56}},"11":{"start":{"line":14,"column":22},"end":{"line":14,"column":51}},"12":{"start":{"line":16,"column":4},"end":{"line":18,"column":41}},"13":{"start":{"line":20,"column":2},"end":{"line":20,"column":64}},"14":{"start":{"line":20,"column":30},"end":{"line":20,"column":64}},"15":{"start":{"line":21,"column":2},"end":{"line":21,"column":39}},"16":{"start":{"line":21,"column":15},"end":{"line":21,"column":39}},"17":{"start":{"line":22,"column":2},"end":{"line":22,"column":47}},"18":{"start":{"line":22,"column":19},"end":{"line":22,"column":47}},"19":{"start":{"line":24,"column":2},"end":{"line":24,"column":27}},"20":{"start":{"line":3,"column":13},"end":{"line":3,"column":28}}},"fnMap":{"0":{"name":"(anonymous_0)","decl":{"start":{"line":3,"column":28},"end":{"line":3,"column":29}},"loc":{"start":{"line":3,"column":51},"end":{"line":25,"column":1}}}},"branchMap":{"0":{"loc":{"start":{"line":8,"column":2},"end":{"line":8,"column":63}},"type":"if","locations":[{"start":{"line":8,"column":2},"end":{"line":8,"column":63}}]},"1":{"loc":{"start":{"line":8,"column":6},"end":{"line":8,"column":38}},"type":"binary-expr","locations":[{"start":{"line":8,"column":6},"end":{"line":8,"column":14}},{"start":{"line":8,"column":18},"end":{"line":8,"column":26}},{"start":{"line":8,"column":30},"end":{"line":8,"column":38}}]},"2":{"loc":{"start":{"line":10,"column":2},"end":{"line":10,"column":70}},"type":"if","locations":[{"start":{"line":10,"column":2},"end":{"line":10,"column":70}}]},"3":{"loc":{"start":{"line":10,"column":6},"end":{"line":10,"column":44}},"type":"binary-expr","locations":[{"start":{"line":10,"column":6},"end":{"line":10,"column":16}},{"start":{"line":10,"column":20},"end":{"line":10,"column":30}},{"start":{"line":10,"column":34},"end":{"line":10,"column":44}}]},"4":{"loc":{"start":{"line":12,"column":2},"end":{"line":12,"column":56}},"type":"if","locations":[{"start":{"line":12,"column":2},"end":{"line":12,"column":56}}]},"5":{"loc":{"start":{"line":12,"column":6},"end":{"line":12,"column":24}},"type":"binary-expr","locations":[{"start":{"line":12,"column":6},"end":{"line":12,"column":13}},{"start":{"line":12,"column":17},"end":{"line":12,"column":24}}]},"6":{"loc":{"start":{"line":14,"column":22},"end":{"line":14,"column":51}},"type":"binary-expr","locations":[{"start":{"line":14,"column":22},"end":{"line":14,"column":29}},{"start":{"line":14,"column":33},"end":{"line":14,"column":40}},{"start":{"line":14,"column":44},"end":{"line":14,"column":51}}]},"7":{"loc":{"start":{"line":16,"column":4},"end":{"line":18,"column":41}},"type":"binary-expr","locations":[{"start":{"line":16,"column":4},"end":{"line":16,"column":41}},{"start":{"line":17,"column":4},"end":{"line":17,"column":41}},{"start":{"line":18,"column":4},"end":{"line":18,"column":41}}]},"8":{"loc":{"start":{"line":20,"column":2},"end":{"line":20,"column":64}},"type":"if","locations":[{"start":{"line":20,"column":2},"end":{"line":20,"column":64}}]},"9":{"loc":{"start":{"line":20,"column":6},"end":{"line":20,"column":28}},"type":"binary-expr","locations":[{"start":{"line":20,"column":6},"end":{"line":20,"column":17}},{"start":{"line":20,"column":21},"end":{"line":20,"column":28}}]},"10":{"loc":{"start":{"line":21,"column":2},"end":{"line":21,"column":39}},"type":"if","locations":[{"start":{"line":21,"column":2},"end":{"line":21,"column":39}}]},"11":{"loc":{"start":{"line":22,"column":2},"end":{"line":22,"column":47}},"type":"if","locations":[{"start":{"line":22,"column":2},"end":{"line":22,"column":47}}]}},"s":{"0":1,"1":1,"2":6,"3":6,"4":6,"5":6,"6":1,"7":5,"8":0,"9":5,"10":1,"11":4,"12":4,"13":4,"14":1,"15":3,"16":1,"17":2,"18":1,"19":1,"20":1},"f":{"0":6},"b":{"0":[1],"1":[6,5,5],"2":[0],"3":[5,5,5],"4":[1],"5":[5,3],"6":[4,2,2],"7":[4,2,2],"8":[1],"9":[4,2],"10":[1],"11":[1]}}
}
