TN:
SF:func.ts
FN:3,(anonymous_0)
FNF:1
FNH:1
FNDA:6,(anonymous_0)
DA:1,1
DA:3,1
DA:4,6
DA:5,6
DA:6,6
DA:8,6
DA:10,5
DA:12,5
DA:14,4
DA:16,4
DA:20,4
DA:21,3
DA:22,2
DA:24,1
LF:14
LH:14
BRDA:8,0,0,1
BRDA:8,1,0,6
BRDA:8,1,1,5
BRDA:8,1,2,5
BRDA:10,2,0,0
BRDA:10,3,0,5
BRDA:10,3,1,5
BRDA:10,3,2,5
BRDA:12,4,0,1
BRDA:12,5,0,5
BRDA:12,5,1,3
BRDA:14,6,0,4
BRDA:14,6,1,2
BRDA:14,6,2,2
BRDA:16,7,0,4
BRDA:16,7,1,2
BRDA:16,7,2,2
BRDA:20,8,0,1
BRDA:20,9,0,4
BRDA:20,9,1,2
BRDA:21,10,0,1
BRDA:22,11,0,1
BRF:22
BRH:21
end_of_record
